<?xml version="1.0" encoding="UTF-8"?>
<testsuite name="quadtrees.QuadTreeTest" tests="5" skipped="0" failures="0" errors="0" timestamp="2025-04-10T12:28:09" hostname="ip-145-116-168-92.wlan-int.ru.nl" time="0.008">
  <properties/>
  <testcase name="writeAllWhite1x1" classname="quadtrees.QuadTreeTest" time="0.005"/>
  <testcase name="readMixedBlackWhite" classname="quadtrees.QuadTreeTest" time="0.001"/>
  <testcase name="writeAllBlack1x1" classname="quadtrees.QuadTreeTest" time="0.0"/>
  <testcase name="readAllBlack" classname="quadtrees.QuadTreeTest" time="0.001"/>
  <testcase name="readAllWhite" classname="quadtrees.QuadTreeTest" time="0.0"/>
  <system-out><![CDATA[]]></system-out>
  <system-err><![CDATA[]]></system-err>
</testsuite>
